Case #1: 3
Case #2: 1
Case #3: 1 2
Case #4: 3 4
Case #5: 9876543211
Case #6: 2249927401533 18476676539861 39339639717710 60202602895559
Case #7: 22
Case #8: 31204079050817 66946933236297 102689787421777 138432641607257 174175495792737 209918349978217 245661204163697 281404058349177
Case #9: 613813 94288897759131517 197497015576559257
Case #10: 1
Case #11: 1
Case #12: 1332589 2961307
Case #13: 22
Case #14: 169987644 1268369341
Case #15: 2629 6628 10627 14626 18625 22624 26623 30622 34621 38620 42619 46618
Case #16: 20484987 138547370464386475 290182277552444635
Case #17: 93 279 465 651 837 1023 1209 1395 1581 1767 1953 2139 2325 2511 2697 2883 3069 3255 3441 3627 3813 3999 4185 4371 4557 4743 4929 5115 5301 5487 5673 5859 6045 6231 6417 6603 6789 6975 7161 7347 7533 7719 7905 8091 8277 8463
Case #18: 14197 35620 57043 78466 99889 121312 142735 164158 185581 207004 228427 249850 271273 292696 314119 335542 356965 378388 399811 421234 442657 464080 485503 506926 528349 549772 571195 592618
Case #19: 20146495 549582434368 1192385180387 1835187926406 2477990672425 3120793418444 3763596164463 4406398910482 5049201656501 5692004402520
Case #20: 95 96 288 480 672 864 1056 1248 1440 1632 1824 2016 2208 2400 2592 2784 2976 3168 3360 3552 3744 3936 4128 4320 4512 4704 4896 5088 5280 5472 5664 5856 6048 6240 6432 6624 6816 7008 7200 7392 7584 7776 7968 8160 8352 8544 8736 8928
Case #21: 3
Case #22: 2931
Case #23: 381367045
Case #24: 728133175 200949153388822831 420855774078478003
Case #25: 613813 88577917 195664651 302751385 409838119
Case #26: 1 2 3 4 5 6 7 8 9 10 11 12 13 14 15 16 17 18 19 20 21 22 23 24 25 26 27 28 29 30 31 32 33 34 35
Case #27: 1 2 3 4 5 6 7 8 9 10 11 12 13 14 15 16 17 18 19 20 21 22 23 24 25 26 27 28 29 30 31 32 33 34 35 36 37 38 39 40 41 42 43 44 45 46 47 48 49 50 51 52 53 54 55 56 57 58 59 60 61 62 63 64 65 66 67 68 69 70 71 72 73 74 75
Case #28: 418040835 8358087137325 17936501046765 27514914956205 37093328865645 46671742775085 56250156684525
Case #29: 6338433091 13968028477 21597623863 29227219249 36856814635 44486410021 52116005407 59745600793 67375196179 75004791565 82634386951
Case #30: 229
Case #31: 33356245 103685373978029 222409084639893 341132795301757 459856505963621 578580216625485 697303927287349 816027637949213 934751348611077 1053475059272941
Case #32: 101 303 505 707 909 1111 1313 1515 1717 1919 2121 2323 2525 2727 2929 3131 3333 3535 3737 3939 4141 4343 4545 4747 4949 5151 5353 5555 5757 5959 6161 6363 6565 6767 6969 7171 7373 7575 7777 7979 8181 8383 8585 8787 8989 9191 9393 9595 9797 9999
Case #33: 24 56
Case #34: 22
Case #35: 89 90 270 450 630 810 990 1170 1350 1530 1710 1890 2070 2250 2430 2610 2790 2970 3150 3330 3510 3690 3870 4050 4230 4410 4590 4770 4950 5130 5310 5490 5670 5850 6030 6210 6390 6570 6750 6930 7110 7290 7470 7650 7830
Case #36: 899 82831 194555 306279 418003 529727 641451 753175
Case #37: 1
Case #38: 800668
Case #39: 1
Case #40: 1
Case #41: 21 806611 1827636 2848661 3869686
Case #42: 1
Case #43: 9 10 30 50 70
Case #44: 81 173794411 391718436 609642461 827566486 1045490511 1263414536 1481338561 1699262586 1917186611 2135110636 2353034661 2570958686 2788882711 3006806736 3224730761 3442654786
Case #45: 229
Case #46: 1177 2980 4783 6586 8389 10192 11995 13798
Case #47: 33 99 165 231 297 363 429 495 561 627 693 759 825 891 957 1023
Case #48: 5 15
Case #49: 12817 30293 47769 65245
Case #50: 1 2 3
Case #51: 1 2 3 4 5 6 7 8 9 10 11 12 13 14 15 16 17 18 19 20 21 22 23 24 25 26 27 28
Case #52: 148390053388881 318285911616729 488181769844577 658077628072425 827973486300273 997869344528121 1167765202755969 1337661060983817 1507556919211665 1677452777439513
Case #53: 22
Case #54: 37 28780107500917 61270542449686 93760977398455 126251412347224
Case #55: 19 20 60 100 140 180 220 260 300 340
Case #56: 229
Case #57: 100 80706050403020101 171615141312111010 262524232221201919 353433323130292828 444342414039383737 535251504948474646 626160595857565555 717069686766656464 807978777675747373 898887868584838282 989796959493929191
Case #58: 22
Case #59: 1 2 3 4 5 6 7 8 9 10 11 12 13 14 15 16 17 18 19 20 21 22 23 24 25 26 27 28 29 30
Case #60: 1
Case #61: 1 2 3 4 5 6 7 8 9 10 11 12 13 14 15 16 17 18 19 20
Case #62: 4 37
Case #63: 728 2186299 4945704 7705109 10464514 13223919
Case #64: 1
Case #65: 1 2 3 4 5 6 7 8 9 10 11 12 13 14 15 16 17 18 19 20 21 22 23 24 25 26 27 28 29 30 31 32 33 34 35 36 37 38 39 40 41 42 43 44 45 46 47 48 49 50 51 52 53 54 55 56 57 58 59 60 61 62 63 64 65 66 67 68 69 70 71 72 73 74 75 76 77 78 79 80 81 82
Case #66: 48028639 104789756
Case #67: 1
Case #68: 57 208829929918 453192116567 697554303216 941916489865 1186278676514 1430640863163 1675003049812 1919365236461
Case #69: 41182873 91035823 140888773 190741723
Case #70: 43211 98766
Case #71: 714711777 3623714098 7987217578 12350721058 16714224538 21077728018 25441231498 29804734978 34168238458 38531741938
Case #72: 22
Case #73: 44791
Case #74: 3706833366 1842759537043 3997078418492 6151397299941 8305716181390 10460035062839 12614353944288 14768672825737 16922991707186 19077310588635 21231629470084 23385948351533
Case #75: 3020101 7060505 11100909 15141313 19181717 23222121 27262525 31302929 35343333 39383737 43424141 47464545 51504949 55545353 59585757 63626161 67666565 71706969 75747373 79787777 83828181 87868585 91908989 95949393 99989797
Case #76: 5183 108625609 244887414 381149219 517411024 653672829 789934634 926196439 1062458244 1198720049 1334981854 1471243659 1607505464 1743767269 1880029074
Case #77: 1 2 3 4
Case #78: 3
Case #79: 20565 270071149
Case #80: 17392 43621 69850 96079 122308 148537 174766 200995 227224 253453 279682 305911 332140 358369 384598 410827 437056 463285 489514 515743 541972 568201 594430 620659 646888 673117 699346 725575 751804 778033 804262
Case #81: 19654 75620926189 162522322029 249423717869
Case #82: 435659737878916216
Case #83: 2059993 4817213 7574433 10331653 13088873 15846093 18603313 21360533 24117753 26874973 29632193 32389413 35146633 37903853 40661073 43418293 46175513 48932733 51689953 54447173 57204393 59961613
Case #84: 2931
Case #85: 4096 10309 16522 22735 28948 35161 41374 47587 53800 60013 66226 72439 78652 84865 91078
Case #86: 1
Case #87: 3
Case #88: 3
Case #89: 100 20101 50404 80707 111010 141313 171616 201919 232222 262525 292828 323131 353434 383737 414040 444343 474646 504949 535252 565555 595858 626161 656464 686767 717070 747373 777676 807979 838282 868585 898888 929191 959494 989797
Case #90: 73 78250275120125 167856951997245 257463628874365 347070305751485 436676982628605 526283659505725 615890336382845 705497013259965 795103690137085
Case #91: 308421511 50594287082171 107061125343521
Case #92: 381367045
Case #93: 1
Case #94: 2931
Case #95: 1 2 3 4 5 6 7 8 9 10 11 12 13 14 15 16 17 18 19 20 21 22 23 24 25 26 27 28 29 30 31 32 33 34 35 36 37 38 39 40 41 42 43 44 45 46 47 48 49 50 51 52 53 54 55 56 57 58 59 60 61 62 63 64 65 66 67 68 69 70 71 72 73 74 75 76 77 78 79 80 81 82 83 84 85 86 87 88 89 90 91 92 93 94 95 96 97 98 99 100
Case #96: 1 2 3 4 5 6 7 8
Case #97: 159441 868066
Case #98: 1 2 3 4 5 6 7 8 9 10 11 12 13 14 15 16 17 18 19 20 21 22 23 24 25 26 27 28 29 30 31 32 33 34 35 36 37 38 39 40 41 42 43 44 45 46 47 48 49 50 51 52 53 54 55 56 57 58 59 60 61 62 63 64 65 66 67 68 69 70 71 72 73 74 75 76 77 78 79 80 81 82 83 84 85 86 87 88 89 90 91 92 93 94 95 96
Case #99: 28363 6996023893
Case #100: 1
