Case #1: 
334
332
235
245
222
223
333
223
224
223
222
255
225
223
222
225
225
334
224
235
223
225
224
222
353
552
333
445
252
223
353
225
245
232
222
225
223
225
252
232
224
233
245
233
225
225
225
222
235
333
223
222
445
222
225
344
222
225
225
235
232
222
225
225
444
223
333
225
234
222
225
232
344
233
225
252
222
232
252
234
255
225
235
223
222
234
223
225
222
222
222
233
222
245
252
233
224
225
233
223
