Case #1: 
222
223
223
222
233
252
255
255
223
244
245
225
232
225
222
225
225
553
234
345
233
234
333
225
222
252
222
235
223
234
232
222
235
255
355
225
333
222
252
223
334
225
235
252
232
224
233
224
223
225
223
222
225
234
222
225
353
223
222
225
353
224
234
222
333
252
234
223
234
223
223
224
225
234
233
355
255
233
224
235
252
225
352
222
223
222
223
235
234
235
222
345
225
232
223
235
554
223
223
333
